<?xml version="1.0" encoding="UTF-8"?>
<!-- Generated by org.testng.reporters.JUnitReportReporter -->
<testsuite hostname="DESKTOP-ERAU1O0" failures="0" tests="2" name="tests.FreeCrmTest" time="6.534" errors="0" timestamp="2025-03-14T16:54:07 IST" skipped="0">
  <testcase classname="tests.FreeCrmTest" name="verifyFreeCrmTitleTest" time="3.605"/>
  <testcase classname="tests.FreeCrmTest" name="verifyEditionTest" time="2.929"/>
</testsuite> <!-- tests.FreeCrmTest -->
