<?xml version="1.0" encoding="UTF-8"?>
<!-- Generated by org.testng.reporters.JUnitReportReporter -->
<testsuite hostname="DESKTOP-ERAU1O0" failures="0" tests="1" name="com.crm.qa.testcases.HomePageTest" time="11.732" errors="0" timestamp="2025-03-02T00:02:17 IST" skipped="0">
  <testcase classname="com.crm.qa.testcases.HomePageTest" name="verifyAddIconClick" time="11.732"/>
</testsuite> <!-- com.crm.qa.testcases.HomePageTest -->
