<?xml version="1.0" encoding="UTF-8"?>
<!-- Generated by org.testng.reporters.JUnitReportReporter -->
<testsuite hostname="DESKTOP-ERAU1O0" failures="0" tests="5" name="com.crm.qa.testcases.ContactsPageTest" time="78.149" errors="0" timestamp="2025-03-07T23:59:56 IST" skipped="0">
  <testcase classname="com.crm.qa.testcases.ContactsPageTest" name="verifyContactsPageLabel" time="15.107"/>
  <testcase classname="com.crm.qa.testcases.ContactsPageTest" name="verifyselectSingleContactsTest" time="15.764"/>
  <testcase classname="com.crm.qa.testcases.ContactsPageTest" name="verifyselectMultipleContactsTest" time="18.461"/>
  <testcase classname="com.crm.qa.testcases.ContactsPageTest" name="verifyCreateBtnVisibilityTest" time="14.469"/>
  <testcase classname="com.crm.qa.testcases.ContactsPageTest" name="verifyCreateBtnClickTest" time="14.348"/>
</testsuite> <!-- com.crm.qa.testcases.ContactsPageTest -->
