<?xml version="1.0" encoding="UTF-8"?>
<!-- Generated by org.testng.reporters.JUnitReportReporter -->
<testsuite hostname="DESKTOP-ERAU1O0" failures="0" tests="4" name="com.crm.qa.testcases.HomePageTest" time="23.706" errors="0" timestamp="2025-03-14T18:33:39 IST" skipped="0">
  <testcase classname="com.crm.qa.testcases.HomePageTest" name="verifyHomePageTitleTest" time="4.120"/>
  <testcase classname="com.crm.qa.testcases.HomePageTest" name="verifyLoggedInUserNameTest" time="4.833"/>
  <testcase classname="com.crm.qa.testcases.HomePageTest" name="verifyContactsLinkTest" time="5.645"/>
  <testcase classname="com.crm.qa.testcases.HomePageTest" name="verifyAddIconClick" time="9.108"/>
  <system-out>
    <![CDATA[Cogmento CRM]]>
  </system-out>
</testsuite> <!-- com.crm.qa.testcases.HomePageTest -->
