<?xml version="1.0" encoding="UTF-8"?>
<!-- Generated by org.testng.reporters.JUnitReportReporter -->
<testsuite hostname="DESKTOP-ERAU1O0" failures="0" tests="2" name="com.crm.qa.testcases.MainPageTest" time="0.001" errors="0" timestamp="2025-03-10T08:34:42 IST" skipped="2">
  <testcase classname="com.crm.qa.testcases.MainPageTest" name="mainPageTitleTest" time="0.000">
    <skipped/>
  </testcase> <!-- mainPageTitleTest -->
  <testcase classname="com.crm.qa.testcases.MainPageTest" name="loginLinkClickTest" time="0.001">
    <skipped/>
  </testcase> <!-- loginLinkClickTest -->
</testsuite> <!-- com.crm.qa.testcases.MainPageTest -->
