<?xml version="1.0" encoding="UTF-8"?>
<!-- Generated by org.testng.reporters.JUnitReportReporter -->
<testsuite hostname="DESKTOP-ERAU1O0" failures="0" tests="2" name="com.crm.qa.testcases.LoginPageTest" time="16.545" errors="0" timestamp="2025-03-10T23:45:54 IST" skipped="0">
  <testcase classname="com.crm.qa.testcases.LoginPageTest" name="loginPageTitleTest" time="7.655">
    <system-out>
      <![CDATA[Cogmento CRM]]>
    </system-out>
  </testcase> <!-- loginPageTitleTest -->
  <testcase classname="com.crm.qa.testcases.LoginPageTest" name="loginTest" time="8.890"/>
  <system-out>
    <![CDATA[Cogmento CRM]]>
  </system-out>
</testsuite> <!-- com.crm.qa.testcases.LoginPageTest -->
