<?xml version="1.0" encoding="UTF-8"?>
<!-- Generated by org.testng.reporters.JUnitReportReporter -->
<testsuite hostname="DESKTOP-ERAU1O0" failures="0" tests="3" name="com.crm.qa.testcases.CreateNewContactPageTest" time="9.545" errors="0" timestamp="2025-03-07T01:02:01 IST" skipped="0">
  <testcase classname="com.crm.qa.testcases.CreateNewContactPageTest" name="verifyCreateNewContact" time="3.020"/>
  <testcase classname="com.crm.qa.testcases.CreateNewContactPageTest" name="verifyCreateNewContact" time="3.287"/>
  <testcase classname="com.crm.qa.testcases.CreateNewContactPageTest" name="verifyCreateNewContact" time="3.238"/>
</testsuite> <!-- com.crm.qa.testcases.CreateNewContactPageTest -->
