<?xml version="1.0" encoding="UTF-8"?>
<!-- Generated by org.testng.reporters.JUnitReportReporter -->
<testsuite hostname="DESKTOP-ERAU1O0" failures="0" tests="3" name="com.crm.qa.testcases.MainPageTest" time="39.781" errors="0" timestamp="2025-05-27T12:21:32 IST" skipped="0">
  <testcase classname="com.crm.qa.testcases.MainPageTest" name="validatePageTitle" time="10.319"/>
  <testcase classname="com.crm.qa.testcases.MainPageTest" name="MainPageUrlTest" time="12.179"/>
  <testcase classname="com.crm.qa.testcases.MainPageTest" name="loginLinkClickTest" time="17.283"/>
</testsuite> <!-- com.crm.qa.testcases.MainPageTest -->
