<?xml version="1.0" encoding="UTF-8"?>
<!-- Generated by org.testng.reporters.JUnitReportReporter -->
<testsuite hostname="DESKTOP-ERAU1O0" failures="0" tests="5" name="com.crm.qa.testcases.ContactsPageTest" time="104.511" errors="0" timestamp="2025-06-04T21:51:04 IST" skipped="0">
  <testcase classname="com.crm.qa.testcases.ContactsPageTest" name="ContactPageTitleTest" time="20.674"/>
  <testcase classname="com.crm.qa.testcases.ContactsPageTest" name="ContactPageUrlTest" time="27.278"/>
  <testcase classname="com.crm.qa.testcases.ContactsPageTest" name="verifyContactsPageLabel" time="22.705"/>
  <testcase classname="com.crm.qa.testcases.ContactsPageTest" name="exportButtonTest" time="24.668"/>
  <testcase classname="com.crm.qa.testcases.ContactsPageTest" name="filterButtonTest" time="9.186"/>
</testsuite> <!-- com.crm.qa.testcases.ContactsPageTest -->
