<?xml version="1.0" encoding="UTF-8"?>
<!-- Generated by org.testng.reporters.JUnitReportReporter -->
<testsuite hostname="DESKTOP-ERAU1O0" failures="0" tests="2" name="com.crm.qa.testcases.LoginPageTest" time="19.437" errors="0" timestamp="2025-03-01T16:16:07 IST" skipped="0">
  <testcase classname="com.crm.qa.testcases.LoginPageTest" name="loginPageTitleTest" time="8.154"/>
  <testcase classname="com.crm.qa.testcases.LoginPageTest" name="loginTest" time="11.283"/>
</testsuite> <!-- com.crm.qa.testcases.LoginPageTest -->
