<?xml version="1.0" encoding="UTF-8"?>
<!-- Generated by org.testng.reporters.JUnitReportReporter -->
<testsuite hostname="DESKTOP-ERAU1O0" failures="0" tests="4" name="com.crm.qa.testcases.HomePageTest" time="53.215" errors="0" timestamp="2025-03-07T23:59:56 IST" skipped="0">
  <testcase classname="com.crm.qa.testcases.HomePageTest" name="verifyHomePageTitleTest" time="10.428"/>
  <testcase classname="com.crm.qa.testcases.HomePageTest" name="verifyLoggedInUserNameTest" time="13.139"/>
  <testcase classname="com.crm.qa.testcases.HomePageTest" name="verifyContactsLinkTest" time="13.960"/>
  <testcase classname="com.crm.qa.testcases.HomePageTest" name="verifyAddIconClick" time="15.688"/>
</testsuite> <!-- com.crm.qa.testcases.HomePageTest -->
