<?xml version="1.0" encoding="UTF-8"?>
<!-- Generated by org.testng.reporters.JUnitReportReporter -->
<testsuite hostname="DESKTOP-ERAU1O0" failures="0" tests="2" name="com.crm.qa.testcases.MainPageTest" time="7.328" errors="0" timestamp="2025-02-27T22:37:31 IST" skipped="0">
  <testcase classname="com.crm.qa.testcases.MainPageTest" name="mainPageTitleTest" time="4.226"/>
  <testcase classname="com.crm.qa.testcases.MainPageTest" name="loginLinkClickTest" time="3.102"/>
</testsuite> <!-- com.crm.qa.testcases.MainPageTest -->
