<?xml version="1.0" encoding="UTF-8"?>
<!-- Generated by org.testng.reporters.JUnitReportReporter -->
<testsuite hostname="DESKTOP-ERAU1O0" failures="0" tests="2" name="com.crm.qa.testcases.LoginPageTest" time="45.502" errors="0" timestamp="2025-05-13T20:04:44 IST" skipped="0">
  <testcase classname="com.crm.qa.testcases.LoginPageTest" name="loginPageTitleTest" time="22.293">
    <system-out>
      <![CDATA[Cogmento CRM]]>
    </system-out>
  </testcase> <!-- loginPageTitleTest -->
  <testcase classname="com.crm.qa.testcases.LoginPageTest" name="loginTest" time="23.209"/>
  <system-out>
    <![CDATA[Cogmento CRM]]>
  </system-out>
</testsuite> <!-- com.crm.qa.testcases.LoginPageTest -->
