<?xml version="1.0" encoding="UTF-8"?>
<!-- Generated by org.testng.reporters.JUnitReportReporter -->
<testsuite hostname="DESKTOP-ERAU1O0" failures="0" tests="3" name="com.crm.qa.testcases.HomePageTest" time="39.969" errors="0" timestamp="2025-05-13T23:14:21 IST" skipped="0">
  <testcase classname="com.crm.qa.testcases.HomePageTest" name="verifyHomePageTitleTest" time="25.928"/>
  <testcase classname="com.crm.qa.testcases.HomePageTest" name="valdiateHomePageUrl" time="7.127"/>
  <testcase classname="com.crm.qa.testcases.HomePageTest" name="verifyLoggedInUserNameTest" time="6.914"/>
</testsuite> <!-- com.crm.qa.testcases.HomePageTest -->
