<?xml version="1.0" encoding="UTF-8"?>
<!-- Generated by org.testng.reporters.JUnitReportReporter -->
<testsuite hostname="DESKTOP-ERAU1O0" failures="0" tests="1" name="com.crm.qa.testcases.LoginPageTest" time="35.400" errors="0" timestamp="2025-05-28T14:03:19 IST" skipped="0">
  <testcase classname="com.crm.qa.testcases.LoginPageTest" name="multipleLoginsTest" time="35.400"/>
</testsuite> <!-- com.crm.qa.testcases.LoginPageTest -->
