<?xml version="1.0" encoding="UTF-8"?>
<!-- Generated by org.testng.reporters.JUnitReportReporter -->
<testsuite hostname="DESKTOP-ERAU1O0" failures="0" tests="2" name="com.crm.qa.testcases.MainPageTest" time="6.173" errors="0" timestamp="2025-05-07T18:39:33 IST" skipped="0">
  <testcase classname="com.crm.qa.testcases.MainPageTest" name="mainPageTitleTest" time="3.388"/>
  <testcase classname="com.crm.qa.testcases.MainPageTest" name="loginLinkClickTest" time="2.785"/>
  <system-out>
    <![CDATA[Cogmento CRM]]>
  </system-out>
</testsuite> <!-- com.crm.qa.testcases.MainPageTest -->
