<?xml version="1.0" encoding="UTF-8"?>
<!-- Generated by org.testng.reporters.JUnitReportReporter -->
<testsuite hostname="DESKTOP-ERAU1O0" failures="0" tests="1" name="com.crm.qa.testcases.CreateNewContactPageTest" time="1.315" errors="0" timestamp="2025-03-02T01:01:53 IST" skipped="0">
  <testcase classname="com.crm.qa.testcases.CreateNewContactPageTest" name="validateCreateNewContact" time="1.315"/>
</testsuite> <!-- com.crm.qa.testcases.CreateNewContactPageTest -->
