<?xml version="1.0" encoding="UTF-8"?>
<!-- Generated by org.testng.reporters.JUnitReportReporter -->
<testsuite hostname="DESKTOP-ERAU1O0" failures="0" tests="5" name="com.crm.qa.testcases.ContactsPageTest" time="134.457" errors="0" timestamp="2025-05-28T22:43:48 IST" skipped="0">
  <testcase classname="com.crm.qa.testcases.ContactsPageTest" name="ContactPageTitleTest" time="33.772"/>
  <testcase classname="com.crm.qa.testcases.ContactsPageTest" name="ContactPageUrlTest" time="16.493"/>
  <testcase classname="com.crm.qa.testcases.ContactsPageTest" name="verifyContactsPageLabel" time="31.046"/>
  <testcase classname="com.crm.qa.testcases.ContactsPageTest" name="exportButtonTest" time="23.207"/>
  <testcase classname="com.crm.qa.testcases.ContactsPageTest" name="filterButtonTest" time="29.939"/>
</testsuite> <!-- com.crm.qa.testcases.ContactsPageTest -->
