<?xml version="1.0" encoding="UTF-8"?>
<!-- Generated by org.testng.reporters.JUnitReportReporter -->
<testsuite hostname="DESKTOP-ERAU1O0" failures="0" tests="5" name="com.crm.qa.testcases.ContactsPageTest" time="78.906" errors="0" timestamp="2025-03-09T17:11:58 IST" skipped="0">
  <testcase classname="com.crm.qa.testcases.ContactsPageTest" name="verifyContactsPageLabel" time="14.766"/>
  <testcase classname="com.crm.qa.testcases.ContactsPageTest" name="verifyselectSingleContactsTest" time="18.005"/>
  <testcase classname="com.crm.qa.testcases.ContactsPageTest" name="verifyselectMultipleContactsTest" time="17.095"/>
  <testcase classname="com.crm.qa.testcases.ContactsPageTest" name="verifyCreateBtnVisibilityTest" time="13.988"/>
  <testcase classname="com.crm.qa.testcases.ContactsPageTest" name="verifyCreateBtnClickTest" time="15.052"/>
  <system-out>
    <![CDATA[Cogmento CRM]]>
  </system-out>
</testsuite> <!-- com.crm.qa.testcases.ContactsPageTest -->
