<?xml version="1.0" encoding="UTF-8"?>
<!-- Generated by org.testng.reporters.JUnitReportReporter -->
<testsuite hostname="DESKTOP-ERAU1O0" failures="0" tests="3" name="com.crm.qa.testcases.LoginPageTest" time="78.666" errors="0" timestamp="2025-05-28T22:43:48 IST" skipped="0">
  <testcase classname="com.crm.qa.testcases.LoginPageTest" name="loginPageTitleTest" time="13.888"/>
  <testcase classname="com.crm.qa.testcases.LoginPageTest" name="validateLoginPageUrlTest" time="26.640"/>
  <testcase classname="com.crm.qa.testcases.LoginPageTest" name="multipleLoginsTest" time="38.138"/>
</testsuite> <!-- com.crm.qa.testcases.LoginPageTest -->
