<?xml version="1.0" encoding="UTF-8"?>
<!-- Generated by org.testng.reporters.JUnitReportReporter -->
<testsuite hostname="DESKTOP-ERAU1O0" failures="0" tests="5" name="com.crm.qa.testcases.ContactsPageTest" time="0.000" errors="0" timestamp="2025-03-10T08:34:42 IST" skipped="5">
  <testcase classname="com.crm.qa.testcases.ContactsPageTest" name="verifyContactsPageLabel" time="0.000">
    <skipped/>
  </testcase> <!-- verifyContactsPageLabel -->
  <testcase classname="com.crm.qa.testcases.ContactsPageTest" name="verifyselectSingleContactsTest" time="0.000">
    <skipped/>
  </testcase> <!-- verifyselectSingleContactsTest -->
  <testcase classname="com.crm.qa.testcases.ContactsPageTest" name="verifyselectMultipleContactsTest" time="0.000">
    <skipped/>
  </testcase> <!-- verifyselectMultipleContactsTest -->
  <testcase classname="com.crm.qa.testcases.ContactsPageTest" name="verifyCreateBtnVisibilityTest" time="0.000">
    <skipped/>
  </testcase> <!-- verifyCreateBtnVisibilityTest -->
  <testcase classname="com.crm.qa.testcases.ContactsPageTest" name="verifyCreateBtnClickTest" time="0.000">
    <skipped/>
  </testcase> <!-- verifyCreateBtnClickTest -->
</testsuite> <!-- com.crm.qa.testcases.ContactsPageTest -->
