<?xml version="1.0" encoding="UTF-8"?>
<!-- Generated by org.testng.reporters.JUnitReportReporter -->
<testsuite hostname="DESKTOP-ERAU1O0" failures="0" tests="3" name="com.crm.qa.testcases.MainPageTest" time="54.107" errors="0" timestamp="2025-06-04T21:51:04 IST" skipped="0">
  <testcase classname="com.crm.qa.testcases.MainPageTest" name="validatePageTitle" time="12.619"/>
  <testcase classname="com.crm.qa.testcases.MainPageTest" name="MainPageUrlTest" time="19.781"/>
  <testcase classname="com.crm.qa.testcases.MainPageTest" name="loginLinkClickTest" time="21.707"/>
</testsuite> <!-- com.crm.qa.testcases.MainPageTest -->
