<?xml version="1.0" encoding="UTF-8"?>
<!-- Generated by org.testng.reporters.JUnitReportReporter -->
<testsuite hostname="DESKTOP-ERAU1O0" failures="0" tests="5" name="com.crm.qa.testcases.ContactsPageTest" time="62.322" errors="0" timestamp="2025-03-09T23:39:21 IST" skipped="0">
  <testcase classname="com.crm.qa.testcases.ContactsPageTest" name="verifyContactsPageLabel" time="11.215"/>
  <testcase classname="com.crm.qa.testcases.ContactsPageTest" name="verifyselectSingleContactsTest" time="13.041"/>
  <testcase classname="com.crm.qa.testcases.ContactsPageTest" name="verifyselectMultipleContactsTest" time="14.972"/>
  <testcase classname="com.crm.qa.testcases.ContactsPageTest" name="verifyCreateBtnVisibilityTest" time="11.425"/>
  <testcase classname="com.crm.qa.testcases.ContactsPageTest" name="verifyCreateBtnClickTest" time="11.669"/>
  <system-out>
    <![CDATA[Cogmento CRM]]>
  </system-out>
</testsuite> <!-- com.crm.qa.testcases.ContactsPageTest -->
