<?xml version="1.0" encoding="UTF-8"?>
<!-- Generated by org.testng.reporters.JUnitReportReporter -->
<testsuite hostname="DESKTOP-ERAU1O0" failures="0" tests="3" name="com.crm.qa.testcases.LoginPageTest" time="74.653" errors="0" timestamp="2025-06-04T21:51:04 IST" skipped="0">
  <testcase classname="com.crm.qa.testcases.LoginPageTest" name="loginPageTitleTest" time="16.516"/>
  <testcase classname="com.crm.qa.testcases.LoginPageTest" name="validateLoginPageUrlTest" time="23.603"/>
  <testcase classname="com.crm.qa.testcases.LoginPageTest" name="multipleLoginsTest" time="34.534"/>
</testsuite> <!-- com.crm.qa.testcases.LoginPageTest -->
