<?xml version="1.0" encoding="UTF-8"?>
<!-- Generated by org.testng.reporters.JUnitReportReporter -->
<testsuite hostname="DESKTOP-ERAU1O0" failures="0" tests="3" name="com.crm.qa.testcases.CreateNewContactPageTest" time="10.969" errors="0" timestamp="2025-03-08T00:03:47 IST" skipped="0">
  <testcase classname="com.crm.qa.testcases.CreateNewContactPageTest" name="verifyCreateNewContact" time="3.788"/>
  <testcase classname="com.crm.qa.testcases.CreateNewContactPageTest" name="verifyCreateNewContact" time="3.270"/>
  <testcase classname="com.crm.qa.testcases.CreateNewContactPageTest" name="verifyCreateNewContact" time="3.911"/>
</testsuite> <!-- com.crm.qa.testcases.CreateNewContactPageTest -->
