<?xml version="1.0" encoding="UTF-8"?>
<!-- Generated by org.testng.reporters.JUnitReportReporter -->
<testsuite hostname="DESKTOP-ERAU1O0" failures="0" tests="4" name="com.crm.qa.testcases.HomePageTest" time="0.000" errors="0" timestamp="2025-03-10T08:34:42 IST" skipped="4">
  <testcase classname="com.crm.qa.testcases.HomePageTest" name="verifyHomePageTitleTest" time="0.000">
    <skipped/>
  </testcase> <!-- verifyHomePageTitleTest -->
  <testcase classname="com.crm.qa.testcases.HomePageTest" name="verifyLoggedInUserNameTest" time="0.000">
    <skipped/>
  </testcase> <!-- verifyLoggedInUserNameTest -->
  <testcase classname="com.crm.qa.testcases.HomePageTest" name="verifyContactsLinkTest" time="0.000">
    <skipped/>
  </testcase> <!-- verifyContactsLinkTest -->
  <testcase classname="com.crm.qa.testcases.HomePageTest" name="verifyAddIconClick" time="0.000">
    <skipped/>
  </testcase> <!-- verifyAddIconClick -->
</testsuite> <!-- com.crm.qa.testcases.HomePageTest -->
