<?xml version="1.0" encoding="UTF-8"?>
<!-- Generated by org.testng.reporters.JUnitReportReporter -->
<testsuite hostname="DESKTOP-ERAU1O0" failures="0" tests="1" name="com.crm.qa.testcases.MainPageTest" time="16.864" errors="0" timestamp="2025-05-13T23:28:12 IST" skipped="0">
  <testcase classname="com.crm.qa.testcases.MainPageTest" name="validatePageTitle" time="16.864"/>
</testsuite> <!-- com.crm.qa.testcases.MainPageTest -->
