<?xml version="1.0" encoding="UTF-8"?>
<!-- Generated by org.testng.reporters.JUnitReportReporter -->
<testsuite hostname="DESKTOP-ERAU1O0" failures="0" tests="2" name="com.crm.qa.testcases.MainPageTest" time="7.465" errors="0" timestamp="2025-03-09T23:39:21 IST" skipped="0">
  <testcase classname="com.crm.qa.testcases.MainPageTest" name="mainPageTitleTest" time="3.078"/>
  <testcase classname="com.crm.qa.testcases.MainPageTest" name="loginLinkClickTest" time="4.387"/>
  <system-out>
    <![CDATA[Cogmento CRM]]>
  </system-out>
</testsuite> <!-- com.crm.qa.testcases.MainPageTest -->
