<?xml version="1.0" encoding="UTF-8"?>
<!-- Generated by org.testng.reporters.JUnitReportReporter -->
<testsuite hostname="DESKTOP-ERAU1O0" failures="0" tests="2" name="com.crm.qa.testcases.MainPageTest" time="9.585" errors="0" timestamp="2025-03-01T16:16:07 IST" skipped="0">
  <testcase classname="com.crm.qa.testcases.MainPageTest" name="mainPageTitleTest" time="5.372"/>
  <testcase classname="com.crm.qa.testcases.MainPageTest" name="loginLinkClickTest" time="4.213"/>
</testsuite> <!-- com.crm.qa.testcases.MainPageTest -->
