<?xml version="1.0" encoding="UTF-8"?>
<!-- Generated by org.testng.reporters.JUnitReportReporter -->
<testsuite hostname="DESKTOP-ERAU1O0" failures="0" tests="2" name="seleniumJava.PaginationAutomationLambdaTest" time="31.289" errors="0" timestamp="2025-06-04T11:27:24 IST" skipped="0">
  <testcase classname="seleniumJava.PaginationAutomationLambdaTest" name="paginationNumber" time="8.509"/>
  <testcase classname="seleniumJava.PaginationAutomationLambdaTest" name="getProductDetails" time="22.780"/>
</testsuite> <!-- seleniumJava.PaginationAutomationLambdaTest -->
