<?xml version="1.0" encoding="UTF-8"?>
<!-- Generated by org.testng.reporters.JUnitReportReporter -->
<testsuite hostname="DESKTOP-ERAU1O0" failures="0" tests="4" name="com.test.TestNgAnnotations2" time="0.016" errors="0" timestamp="2025-06-03T15:53:39 IST" skipped="0">
  <testcase classname="com.test.TestNgAnnotations2" name="TestB2" time="0.004"/>
  <testcase classname="com.test.TestNgAnnotations2" name="TestB2" time="0.003"/>
  <testcase classname="com.test.TestNgAnnotations2" name="TestA2" time="0.007"/>
  <testcase classname="com.test.TestNgAnnotations2" name="TestA2" time="0.002"/>
</testsuite> <!-- com.test.TestNgAnnotations2 -->
