<?xml version="1.0" encoding="UTF-8"?>
<!-- Generated by org.testng.reporters.JUnitReportReporter -->
<testsuite hostname="DESKTOP-ERAU1O0" failures="0" tests="4" name="com.test.TestNgAnnotations" time="0.015" errors="0" timestamp="2025-06-03T15:53:39 IST" skipped="0">
  <testcase classname="com.test.TestNgAnnotations" name="TestB" time="0.004"/>
  <testcase classname="com.test.TestNgAnnotations" name="TestB" time="0.002"/>
  <testcase classname="com.test.TestNgAnnotations" name="TestA" time="0.007"/>
  <testcase classname="com.test.TestNgAnnotations" name="TestA" time="0.002"/>
</testsuite> <!-- com.test.TestNgAnnotations -->
