<?xml version="1.0" encoding="UTF-8"?>
<!-- Generated by org.testng.reporters.JUnitReportReporter -->
<testsuite hostname="DESKTOP-ERAU1O0" failures="0" tests="4" name="com.test.TestNgAnnotations" time="0.012" errors="0" timestamp="2025-05-21T09:31:09 IST" skipped="0">
  <testcase classname="com.test.TestNgAnnotations" name="TestB" time="0.003"/>
  <testcase classname="com.test.TestNgAnnotations" name="TestB" time="0.004"/>
  <testcase classname="com.test.TestNgAnnotations" name="TestA" time="0.002"/>
  <testcase classname="com.test.TestNgAnnotations" name="TestA" time="0.003"/>
</testsuite> <!-- com.test.TestNgAnnotations -->
