<?xml version="1.0" encoding="UTF-8"?>
<!-- Generated by org.testng.reporters.JUnitReportReporter -->
<testsuite hostname="DESKTOP-ERAU1O0" failures="0" tests="4" name="com.test.TestNgFeatures" time="0.004" errors="0" timestamp="2025-02-24T16:18:46 IST" skipped="0">
  <testcase classname="com.test.TestNgFeatures" name="HomePageTest" time="0.001"/>
  <testcase classname="com.test.TestNgFeatures" name="searchPageTest" time="0.001"/>
  <testcase classname="com.test.TestNgFeatures" name="loginTest" time="0.001"/>
  <testcase classname="com.test.TestNgFeatures" name="registraionPageTest" time="0.001"/>
</testsuite> <!-- com.test.TestNgFeatures -->
