<?xml version="1.0" encoding="UTF-8"?>
<!-- Generated by org.testng.reporters.JUnitReportReporter -->
<testsuite hostname="DESKTOP-ERAU1O0" failures="0" tests="5" name="com.test.TestNgPriorityTest" time="0.012" errors="0" timestamp="2025-05-20T17:13:29 IST" skipped="0">
  <testcase classname="com.test.TestNgPriorityTest" name="TestMethodC" time="0.008"/>
  <testcase classname="com.test.TestNgPriorityTest" name="MethodB" time="0.001"/>
  <testcase classname="com.test.TestNgPriorityTest" name="MethodA" time="0.002"/>
  <testcase classname="com.test.TestNgPriorityTest" name="MethodD" time="0.001"/>
  <testcase classname="com.test.TestNgPriorityTest" name="XMethodA" time="0.000"/>
</testsuite> <!-- com.test.TestNgPriorityTest -->
