<?xml version="1.0" encoding="UTF-8"?>
<!-- Generated by org.testng.reporters.JUnitReportReporter -->
<testsuite hostname="DESKTOP-ERAU1O0" failures="0" tests="2" name="seleniumJava.LoginTest" time="10.486" errors="0" timestamp="2025-04-18T21:02:31 IST" skipped="0">
  <testcase classname="seleniumJava.LoginTest" name="testLogin" time="4.716"/>
  <testcase classname="seleniumJava.LoginTest" name="testLogin" time="5.770"/>
</testsuite> <!-- seleniumJava.LoginTest -->
