<?xml version="1.0" encoding="UTF-8"?>
<!-- Generated by org.testng.reporters.JUnitReportReporter -->
<testsuite hostname="DESKTOP-ERAU1O0" failures="0" tests="6" name="com.test.TestNgBasics" time="0.027" errors="0" timestamp="2025-05-21T09:31:09 IST" skipped="0">
  <testcase classname="com.test.TestNgBasics" name="googleLogoTest" time="0.004"/>
  <testcase classname="com.test.TestNgBasics" name="googleLogoTest" time="0.011"/>
  <testcase classname="com.test.TestNgBasics" name="googleTitleTest" time="0.004"/>
  <testcase classname="com.test.TestNgBasics" name="searchTest" time="0.003"/>
  <testcase classname="com.test.TestNgBasics" name="googleTitleTest" time="0.003"/>
  <testcase classname="com.test.TestNgBasics" name="searchTest" time="0.002"/>
</testsuite> <!-- com.test.TestNgBasics -->
