<?xml version="1.0" encoding="UTF-8"?>
<!-- Generated by org.testng.reporters.JUnitReportReporter -->
<testsuite hostname="DESKTOP-ERAU1O0" failures="0" tests="1" name="seleniumJava.Amazon" time="0.060" errors="0" timestamp="2025-06-03T19:27:29 IST" skipped="0">
  <testcase classname="seleniumJava.Amazon" name="testCartValue" time="0.060"/>
</testsuite> <!-- seleniumJava.Amazon -->
