<?xml version="1.0" encoding="UTF-8"?>
<!-- Generated by org.testng.reporters.JUnitReportReporter -->
<testsuite hostname="DESKTOP-ERAU1O0" failures="0" tests="1" name="seleniumJava.program" time="4.456" errors="0" timestamp="2025-05-26T22:41:58 IST" skipped="0">
  <testcase classname="seleniumJava.program" name="requirement6" time="4.456"/>
</testsuite> <!-- seleniumJava.program -->
