<?xml version="1.0" encoding="UTF-8"?>
<!-- Generated by org.testng.reporters.JUnitReportReporter -->
<testsuite hostname="DESKTOP-ERAU1O0" failures="0" tests="4" name="com.test.TestNgAnnotations2" time="0.015" errors="0" timestamp="2025-05-21T09:31:09 IST" skipped="0">
  <testcase classname="com.test.TestNgAnnotations2" name="TestB2" time="0.004"/>
  <testcase classname="com.test.TestNgAnnotations2" name="TestB2" time="0.005"/>
  <testcase classname="com.test.TestNgAnnotations2" name="TestA2" time="0.004"/>
  <testcase classname="com.test.TestNgAnnotations2" name="TestA2" time="0.002"/>
</testsuite> <!-- com.test.TestNgAnnotations2 -->
