<?xml version="1.0" encoding="UTF-8"?>
<!-- Generated by org.testng.reporters.JUnitReportReporter -->
<testsuite hostname="DESKTOP-ERAU1O0" failures="0" tests="6" name="com.test.GoogleTest" time="21.588" errors="0" timestamp="2025-02-24T16:18:46 IST" skipped="0">
  <testcase classname="com.test.GoogleTest" name="googleTitleTest" time="4.261"/>
  <testcase classname="com.test.GoogleTest" name="gmailLinkTest" time="3.836"/>
  <testcase classname="com.test.GoogleTest" name="googleLogoTest" time="3.235"/>
  <testcase classname="com.test.GoogleTest" name="Test1" time="4.047"/>
  <testcase classname="com.test.GoogleTest" name="Test3" time="3.093"/>
  <testcase classname="com.test.GoogleTest" name="Test2" time="3.116"/>
</testsuite> <!-- com.test.GoogleTest -->
