<?xml version="1.0" encoding="UTF-8"?>
<!-- Generated by org.testng.reporters.JUnitReportReporter -->
<testsuite hostname="DESKTOP-ERAU1O0" failures="0" tests="3" name="section14.test1" time="0.015" errors="0" timestamp="2025-04-16T09:14:29 IST" skipped="2">
  <testcase classname="section14.test1" name="streamMap" time="0.015"/>
  <testcase classname="section14.test1" name="regular">
    <skipped/>
  </testcase> <!-- regular -->
  <testcase classname="section14.test1" name="streamFilter">
    <skipped/>
  </testcase> <!-- streamFilter -->
</testsuite> <!-- section14.test1 -->
