<?xml version="1.0" encoding="UTF-8"?>
<!-- Generated by org.testng.reporters.JUnitReportReporter -->
<testsuite hostname="DESKTOP-ERAU1O0" failures="0" tests="2" name="HDFCLogin" time="13.973" errors="0" timestamp="2025-03-15T12:51:56 IST" skipped="0">
  <testcase classname="HDFCLogin" name="getTitle" time="7.969"/>
  <testcase classname="HDFCLogin" name="clickLoginButton" time="6.004"/>
</testsuite> <!-- HDFCLogin -->
