<?xml version="1.0" encoding="UTF-8"?>
<!-- Generated by org.testng.reporters.JUnitReportReporter -->
<testsuite hostname="DESKTOP-ERAU1O0" failures="0" tests="6" name="section14.StreamPrograms" time="0.028" errors="0" timestamp="2025-04-17T23:18:12 IST" skipped="0">
  <testcase classname="section14.StreamPrograms" name="duplicatesFromArray" time="0.002"/>
  <testcase classname="section14.StreamPrograms" name="removeDuplicates" time="0.003"/>
  <testcase classname="section14.StreamPrograms" name="program1" time="0.004"/>
  <testcase classname="section14.StreamPrograms" name="countCharactersInString" time="0.015"/>
  <testcase classname="section14.StreamPrograms" name="program2" time="0.002"/>
  <testcase classname="section14.StreamPrograms" name="stringWithNumber" time="0.002"/>
</testsuite> <!-- section14.StreamPrograms -->
