<?xml version="1.0" encoding="UTF-8"?>
<!-- Generated by org.testng.reporters.JUnitReportReporter -->
<testsuite hostname="DESKTOP-ERAU1O0" failures="0" tests="1" name="section10.InputTextWays" time="3.767" errors="0" timestamp="2025-04-18T19:51:23 IST" skipped="0">
  <testcase classname="section10.InputTextWays" name="inputways" time="3.767"/>
</testsuite> <!-- section10.InputTextWays -->
