<?xml version="1.0" encoding="UTF-8"?>
<!-- Generated by org.testng.reporters.JUnitReportReporter -->
<testsuite hostname="DESKTOP-ERAU1O0" failures="0" tests="5" name="section14.test1" time="0.025" errors="0" timestamp="2025-04-16T23:16:23 IST" skipped="3">
  <testcase classname="section14.test1" name="streamAssignment" time="0.006"/>
  <testcase classname="section14.test1" name="collectStream" time="0.019"/>
  <testcase classname="section14.test1" name="streamMap">
    <skipped/>
  </testcase> <!-- streamMap -->
  <testcase classname="section14.test1" name="streamFilter">
    <skipped/>
  </testcase> <!-- streamFilter -->
  <testcase classname="section14.test1" name="regular">
    <skipped/>
  </testcase> <!-- regular -->
</testsuite> <!-- section14.test1 -->
