<?xml version="1.0" encoding="UTF-8"?>
<!-- Generated by org.testng.reporters.JUnitReportReporter -->
<testsuite hostname="DESKTOP-ERAU1O0" failures="0" tests="1" name="section14.AnagramUsingStreams" time="0.011" errors="0" timestamp="2025-04-18T22:49:21 IST" skipped="0">
  <testcase classname="section14.AnagramUsingStreams" name="anagram" time="0.011"/>
</testsuite> <!-- section14.AnagramUsingStreams -->
